*** Starting uWSGI 2.0.20 (64bit) on [Wed Dec 22 15:35:01 2021] ***
compiled with version: 9.4.0 on 20 December 2021 19:17:49
os: Linux-5.11.0-42-generic #46~20.04.1-Ubuntu SMP Tue Nov 30 14:20:24 UTC 2021
nodename: Ubuntu
machine: x86_64
clock source: unix
pcre jit disabled
detected number of CPU cores: 2
current working directory: /home/wang/exam/examapi
writing pidfile to uwsgi.pid
detected binary path: /home/wang/anaconda3/envs/exam/bin/uwsgi
chdir() to /home/wang/exam/examapi
your processes number limit is 65535
your memory page size is 4096 bytes
detected max file descriptor number: 65535
lock engine: pthread robust mutexes
thunder lock: disabled (you can enable it with --thunder-lock)
uWSGI http bound on 0.0.0.0:8000 fd 4
uwsgi socket 0 bound to TCP address 127.0.0.1:35099 (port auto-assigned) fd 3
Python version: 3.8.12 | packaged by conda-forge | (default, Oct 12 2021, 21:57:06)  [GCC 9.4.0]
Set PythonHome to /home/wang/anaconda3/envs/exam
Python main interpreter initialized at 0x5591db2d47b0
python threads support enabled
your server socket listen backlog is limited to 100 connections
your mercy for graceful operations on workers is 60 seconds
mapped 416880 bytes (407 KB) for 8 cores
*** Operational MODE: preforking+threaded ***
WSGI app 0 (mountpoint='') ready in 0 seconds on interpreter 0x5591db2d47b0 pid: 3777 (default app)
*** uWSGI is running in multiple interpreter mode ***
spawned uWSGI master process (pid: 3777)
spawned uWSGI worker 1 (pid: 3779, cores: 2)
spawned uWSGI worker 2 (pid: 3780, cores: 2)
spawned uWSGI worker 3 (pid: 3782, cores: 2)
spawned uWSGI worker 4 (pid: 3783, cores: 2)
spawned uWSGI http 1 (pid: 3785)
/home/wang/anaconda3/envs/exam/lib/python3.8/site-packages/rest_framework/pagination.py:200: UnorderedObjectListWarning: Pagination may yield inconsistent results with an unordered object_list: <class 'users.models.Department'> QuerySet.
  paginator = self.django_paginator_class(queryset, page_size)
[pid: 3782|app: 0|req: 1/1] 127.0.0.1 () {52 vars in 1036 bytes} [Wed Dec 22 07:35:21 2021] GET /users/department/ => generated 12212 bytes in 325 msecs (HTTP/1.1 200) 8 headers in 391 bytes (1 switches on core 0)
Not Found: /static/rest_framework/css/bootstrap-tweaks.css
[pid: 3782|app: 0|req: 3/2] 127.0.0.1 () {52 vars in 1030 bytes} [Wed Dec 22 07:35:22 2021] GET /static/rest_framework/css/bootstrap-tweaks.css => generated 2207 bytes in 19 msecs (HTTP/1.1 404) 5 headers in 159 bytes (1 switches on core 0)
Not Found: /static/rest_framework/css/bootstrap.min.css
[pid: 3782|app: 0|req: 4/3] 127.0.0.1 () {52 vars in 1024 bytes} [Wed Dec 22 07:35:22 2021] GET /static/rest_framework/css/bootstrap.min.css => generated 2198 bytes in 24 msecs (HTTP/1.1 404) 5 headers in 159 bytes (1 switches on core 1)
Not Found: /static/rest_framework/js/default.js
[pid: 3782|app: 0|req: 4/4] 127.0.0.1 () {52 vars in 994 bytes} [Wed Dec 22 07:35:22 2021] GET /static/rest_framework/js/default.js => generated 2174 bytes in 4 msecs (HTTP/1.1 404) 5 headers in 159 bytes (1 switches on core 0)
Not Found: /static/rest_framework/js/csrf.js
Not Found: /static/rest_framework/js/ajax-form.js
[pid: 3783|app: 0|req: 2/5] 127.0.0.1 () {52 vars in 988 bytes} [Wed Dec 22 07:35:22 2021] GET /static/rest_framework/js/csrf.js => generated 2165 bytes in 269 msecs (HTTP/1.1 404) 5 headers in 159 bytes (1 switches on core 1)
Not Found: /static/rest_framework/js/bootstrap.min.js
[pid: 3782|app: 0|req: 5/6] 127.0.0.1 () {52 vars in 1006 bytes} [Wed Dec 22 07:35:22 2021] GET /static/rest_framework/js/bootstrap.min.js => generated 2192 bytes in 4 msecs (HTTP/1.1 404) 5 headers in 159 bytes (1 switches on core 1)
[pid: 3783|app: 0|req: 2/7] 127.0.0.1 () {52 vars in 998 bytes} [Wed Dec 22 07:35:22 2021] GET /static/rest_framework/js/ajax-form.js => generated 2180 bytes in 292 msecs (HTTP/1.1 404) 5 headers in 159 bytes (1 switches on core 0)
Not Found: /static/rest_framework/js/jquery-3.5.1.min.js
Not Found: /static/rest_framework/js/prettify-min.js
Not Found: /static/rest_framework/css/prettify.css
[pid: 3779|app: 0|req: 2/8] 127.0.0.1 () {52 vars in 1012 bytes} [Wed Dec 22 07:35:22 2021] GET /static/rest_framework/js/jquery-3.5.1.min.js => generated 2201 bytes in 319 msecs (HTTP/1.1 404) 5 headers in 159 bytes (1 switches on core 1)
Not Found: /static/rest_framework/css/default.css
[pid: 3779|app: 0|req: 2/9] 127.0.0.1 () {52 vars in 1012 bytes} [Wed Dec 22 07:35:22 2021] GET /static/rest_framework/css/default.css => generated 2180 bytes in 322 msecs (HTTP/1.1 404) 5 headers in 159 bytes (1 switches on core 0)
[pid: 3780|app: 0|req: 2/11] 127.0.0.1 () {52 vars in 1014 bytes} [Wed Dec 22 07:35:22 2021] GET /static/rest_framework/css/prettify.css => generated 2183 bytes in 329 msecs (HTTP/1.1 404) 5 headers in 159 bytes (1 switches on core 0)
[pid: 3780|app: 0|req: 2/11] 127.0.0.1 () {52 vars in 1004 bytes} [Wed Dec 22 07:35:22 2021] GET /static/rest_framework/js/prettify-min.js => generated 2189 bytes in 297 msecs (HTTP/1.1 404) 5 headers in 159 bytes (1 switches on core 1)
Not Found: /static/rest_framework/js/jquery-3.5.1.min.js
[pid: 3783|app: 0|req: 3/12] 127.0.0.1 () {50 vars in 957 bytes} [Wed Dec 22 07:35:22 2021] GET /static/rest_framework/js/jquery-3.5.1.min.js => generated 2201 bytes in 4 msecs (HTTP/1.1 404) 5 headers in 159 bytes (1 switches on core 1)
Not Found: /static/rest_framework/js/ajax-form.js
[pid: 3783|app: 0|req: 4/13] 127.0.0.1 () {50 vars in 943 bytes} [Wed Dec 22 07:35:22 2021] GET /static/rest_framework/js/ajax-form.js => generated 2180 bytes in 3 msecs (HTTP/1.1 404) 5 headers in 159 bytes (1 switches on core 0)
Not Found: /static/rest_framework/js/csrf.js
[pid: 3779|app: 0|req: 3/14] 127.0.0.1 () {50 vars in 933 bytes} [Wed Dec 22 07:35:22 2021] GET /static/rest_framework/js/csrf.js => generated 2165 bytes in 7 msecs (HTTP/1.1 404) 5 headers in 159 bytes (1 switches on core 1)
Not Found: /static/rest_framework/js/bootstrap.min.js
[pid: 3783|app: 0|req: 5/15] 127.0.0.1 () {50 vars in 951 bytes} [Wed Dec 22 07:35:22 2021] GET /static/rest_framework/js/bootstrap.min.js => generated 2192 bytes in 3 msecs (HTTP/1.1 404) 5 headers in 159 bytes (1 switches on core 1)
Not Found: /static/rest_framework/js/prettify-min.js
[pid: 3782|app: 0|req: 6/16] 127.0.0.1 () {50 vars in 949 bytes} [Wed Dec 22 07:35:22 2021] GET /static/rest_framework/js/prettify-min.js => generated 2189 bytes in 2 msecs (HTTP/1.1 404) 5 headers in 159 bytes (1 switches on core 0)
Not Found: /static/rest_framework/js/default.js
[pid: 3782|app: 0|req: 7/17] 127.0.0.1 () {50 vars in 937 bytes} [Wed Dec 22 07:35:22 2021] GET /static/rest_framework/js/default.js => generated 2174 bytes in 6 msecs (HTTP/1.1 404) 5 headers in 159 bytes (1 switches on core 1)
Not Found: /favicon.ico
[pid: 3782|app: 0|req: 8/18] 127.0.0.1 () {50 vars in 950 bytes} [Wed Dec 22 07:35:22 2021] GET /favicon.ico => generated 2102 bytes in 5 msecs (HTTP/1.1 404) 5 headers in 159 bytes (1 switches on core 0)
gateway "uWSGI http 1" has been buried (pid: 3785)
...brutally killing workers...
worker 1 buried after 1 seconds
worker 2 buried after 1 seconds
worker 3 buried after 1 seconds
worker 4 buried after 1 seconds
binary reloading uWSGI...
chdir() to /home/wang/exam/examapi
closing all non-uwsgi socket fds > 2 (max_fd = 65535)...
found fd 3 mapped to socket 0 (127.0.0.1:35099)
running /home/wang/anaconda3/envs/exam/bin/uwsgi
[uWSGI] getting INI configuration from uwsgi.ini
*** Starting uWSGI 2.0.20 (64bit) on [Wed Dec 22 07:35:46 2021] ***
compiled with version: 9.4.0 on 20 December 2021 19:17:49
os: Linux-5.11.0-42-generic #46~20.04.1-Ubuntu SMP Tue Nov 30 14:20:24 UTC 2021
nodename: Ubuntu
machine: x86_64
clock source: unix
pcre jit disabled
detected number of CPU cores: 2
current working directory: /home/wang/exam/examapi
detected binary path: /home/wang/anaconda3/envs/exam/bin/uwsgi
chdir() to /home/wang/exam/examapi
your processes number limit is 65535
your memory page size is 4096 bytes
detected max file descriptor number: 65535
lock engine: pthread robust mutexes
thunder lock: disabled (you can enable it with --thunder-lock)
uWSGI http bound on 0.0.0.0:8000 fd 5
uwsgi socket 0 bound to TCP address 127.0.0.1:21145 (port auto-assigned) fd 4
Python version: 3.8.12 | packaged by conda-forge | (default, Oct 12 2021, 21:57:06)  [GCC 9.4.0]
Set PythonHome to /home/wang/anaconda3/envs/exam
Python main interpreter initialized at 0x56135741a220
python threads support enabled
your server socket listen backlog is limited to 100 connections
your mercy for graceful operations on workers is 60 seconds
mapped 416880 bytes (407 KB) for 8 cores
*** Operational MODE: preforking+threaded ***
WSGI app 0 (mountpoint='') ready in 0 seconds on interpreter 0x56135741a220 pid: 3777 (default app)
*** uWSGI is running in multiple interpreter mode ***
gracefully (RE)spawned uWSGI master process (pid: 3777)
spawned uWSGI worker 1 (pid: 4130, cores: 2)
spawned uWSGI worker 2 (pid: 4131, cores: 2)
spawned uWSGI worker 3 (pid: 4133, cores: 2)
spawned uWSGI worker 4 (pid: 4135, cores: 2)
spawned uWSGI http 1 (pid: 4136)
gateway "uWSGI http 1" has been buried (pid: 4136)
...brutally killing workers...
worker 1 buried after 1 seconds
worker 2 buried after 1 seconds
worker 3 buried after 1 seconds
worker 4 buried after 1 seconds
binary reloading uWSGI...
chdir() to /home/wang/exam/examapi
closing all non-uwsgi socket fds > 2 (max_fd = 65535)...
found fd 4 mapped to socket 0 (127.0.0.1:21145)
running /home/wang/anaconda3/envs/exam/bin/uwsgi
[uWSGI] getting INI configuration from uwsgi.ini
*** Starting uWSGI 2.0.20 (64bit) on [Wed Dec 22 07:35:51 2021] ***
compiled with version: 9.4.0 on 20 December 2021 19:17:49
os: Linux-5.11.0-42-generic #46~20.04.1-Ubuntu SMP Tue Nov 30 14:20:24 UTC 2021
nodename: Ubuntu
machine: x86_64
clock source: unix
pcre jit disabled
detected number of CPU cores: 2
current working directory: /home/wang/exam/examapi
detected binary path: /home/wang/anaconda3/envs/exam/bin/uwsgi
chdir() to /home/wang/exam/examapi
your processes number limit is 65535
your memory page size is 4096 bytes
detected max file descriptor number: 65535
lock engine: pthread robust mutexes
thunder lock: disabled (you can enable it with --thunder-lock)
uWSGI http bound on 0.0.0.0:8000 fd 5
uwsgi socket 0 bound to TCP address 127.0.0.1:29367 (port auto-assigned) fd 3
Python version: 3.8.12 | packaged by conda-forge | (default, Oct 12 2021, 21:57:06)  [GCC 9.4.0]
Set PythonHome to /home/wang/anaconda3/envs/exam
Python main interpreter initialized at 0x55e78ae8d220
python threads support enabled
your server socket listen backlog is limited to 100 connections
your mercy for graceful operations on workers is 60 seconds
mapped 416880 bytes (407 KB) for 8 cores
*** Operational MODE: preforking+threaded ***
WSGI app 0 (mountpoint='') ready in 0 seconds on interpreter 0x55e78ae8d220 pid: 3777 (default app)
*** uWSGI is running in multiple interpreter mode ***
gracefully (RE)spawned uWSGI master process (pid: 3777)
spawned uWSGI worker 1 (pid: 4141, cores: 2)
spawned uWSGI worker 2 (pid: 4142, cores: 2)
spawned uWSGI worker 3 (pid: 4143, cores: 2)
spawned uWSGI worker 4 (pid: 4145, cores: 2)
spawned uWSGI http 1 (pid: 4146)
Wed Dec 22 07:35:55 2021 - uWSGI worker 4 screams: UAAAAAAH my master disconnected: i will kill myself !!!
Wed Dec 22 07:35:55 2021 - uWSGI worker 3 screams: UAAAAAAH my master disconnected: i will kill myself !!!
Wed Dec 22 07:35:55 2021 - uWSGI worker 2 screams: UAAAAAAH my master disconnected: i will kill myself !!!
Wed Dec 22 07:35:55 2021 - uWSGI worker 4 screams: UAAAAAAH my master disconnected: i will kill myself !!!
Wed Dec 22 07:35:55 2021 - uWSGI worker 1 screams: UAAAAAAH my master disconnected: i will kill myself !!!
Wed Dec 22 07:35:55 2021 - uWSGI worker 1 screams: UAAAAAAH my master disconnected: i will kill myself !!!
Wed Dec 22 07:35:55 2021 - uWSGI worker 3 screams: UAAAAAAH my master disconnected: i will kill myself !!!
Wed Dec 22 07:35:55 2021 - uWSGI worker 2 screams: UAAAAAAH my master disconnected: i will kill myself !!!
*** Starting uWSGI 2.0.20 (64bit) on [Wed Dec 22 15:54:11 2021] ***
compiled with version: 9.4.0 on 20 December 2021 19:17:49
os: Linux-5.11.0-42-generic #46~20.04.1-Ubuntu SMP Tue Nov 30 14:20:24 UTC 2021
nodename: Ubuntu
machine: x86_64
clock source: unix
pcre jit disabled
detected number of CPU cores: 2
current working directory: /home/wang/exam/examapi
writing pidfile to uwsgi.pid
detected binary path: /home/wang/anaconda3/envs/exam/bin/uwsgi
chdir() to /home/wang/exam/examapi
your processes number limit is 65535
your memory page size is 4096 bytes
detected max file descriptor number: 1024
lock engine: pthread robust mutexes
thunder lock: disabled (you can enable it with --thunder-lock)
uwsgi socket 0 bound to TCP address 0.0.0.0:8000 fd 3
Python version: 3.8.12 | packaged by conda-forge | (default, Oct 12 2021, 21:57:06)  [GCC 9.4.0]
Set PythonHome to /home/wang/anaconda3/envs/exam
Python main interpreter initialized at 0x557859358650
python threads support enabled
your server socket listen backlog is limited to 100 connections
your mercy for graceful operations on workers is 60 seconds
mapped 416880 bytes (407 KB) for 8 cores
*** Operational MODE: preforking+threaded ***
WSGI app 0 (mountpoint='') ready in 0 seconds on interpreter 0x557859358650 pid: 10245 (default app)
*** uWSGI is running in multiple interpreter mode ***
spawned uWSGI master process (pid: 10245)
spawned uWSGI worker 1 (pid: 10247, cores: 2)
spawned uWSGI worker 2 (pid: 10248, cores: 2)
spawned uWSGI worker 3 (pid: 10249, cores: 2)
spawned uWSGI worker 4 (pid: 10250, cores: 2)
invalid request block size: 21573 (max 4096)...skip
invalid request block size: 21573 (max 4096)...skip
[pid: 10248|app: 0|req: 1/1] 192.168.174.1 () {40 vars in 736 bytes} [Wed Dec 22 07:59:54 2021] GET /users/info/ => generated 10292 bytes in 140 msecs (HTTP/1.1 200) 8 headers in 391 bytes (1 switches on core 1)
Not Found: /favicon.ico
[pid: 10249|app: 0|req: 1/2] 192.168.174.1 () {42 vars in 768 bytes} [Wed Dec 22 07:59:55 2021] GET /favicon.ico => generated 2102 bytes in 84 msecs (HTTP/1.1 404) 5 headers in 159 bytes (1 switches on core 0)
SIGINT/SIGTERM received...killing workers...
worker 1 buried after 1 seconds
worker 2 buried after 1 seconds
worker 3 buried after 1 seconds
worker 4 buried after 1 seconds
goodbye to uWSGI.
*** Starting uWSGI 2.0.20 (64bit) on [Wed Dec 22 16:04:08 2021] ***
compiled with version: 9.4.0 on 20 December 2021 19:17:49
os: Linux-5.11.0-42-generic #46~20.04.1-Ubuntu SMP Tue Nov 30 14:20:24 UTC 2021
nodename: Ubuntu
machine: x86_64
clock source: unix
pcre jit disabled
detected number of CPU cores: 2
current working directory: /home/wang/exam/examapi
writing pidfile to uwsgi.pid
detected binary path: /home/wang/anaconda3/envs/exam/bin/uwsgi
chdir() to /home/wang/exam/examapi
your processes number limit is 65535
your memory page size is 4096 bytes
detected max file descriptor number: 1024
building mime-types dictionary from file /etc/mime.types...567 entry found
lock engine: pthread robust mutexes
thunder lock: disabled (you can enable it with --thunder-lock)
uwsgi socket 0 bound to TCP address 0.0.0.0:8000 fd 3
Python version: 3.8.12 | packaged by conda-forge | (default, Oct 12 2021, 21:57:06)  [GCC 9.4.0]
Set PythonHome to /home/wang/anaconda3/envs/exam
Python main interpreter initialized at 0x55a3a4f6ac40
python threads support enabled
your server socket listen backlog is limited to 100 connections
your mercy for graceful operations on workers is 60 seconds
mapped 416880 bytes (407 KB) for 8 cores
*** Operational MODE: preforking+threaded ***
WSGI app 0 (mountpoint='') ready in 0 seconds on interpreter 0x55a3a4f6ac40 pid: 10849 (default app)
*** uWSGI is running in multiple interpreter mode ***
spawned uWSGI master process (pid: 10849)
spawned uWSGI worker 1 (pid: 10851, cores: 2)
spawned uWSGI worker 2 (pid: 10852, cores: 2)
spawned uWSGI worker 3 (pid: 10854, cores: 2)
spawned uWSGI worker 4 (pid: 10855, cores: 2)
[pid: 10852|app: 0|req: 1/1] 192.168.174.1 () {44 vars in 856 bytes} [Wed Dec 22 08:04:32 2021] GET /users/info/ => generated 10292 bytes in 121 msecs (HTTP/1.1 200) 8 headers in 391 bytes (1 switches on core 0)
[pid: 10855|app: 0|req: 1/2] 192.168.174.1 () {44 vars in 856 bytes} [Wed Dec 22 08:04:32 2021] GET /users/info/ => generated 10292 bytes in 117 msecs (HTTP/1.1 200) 8 headers in 391 bytes (1 switches on core 0)
[pid: 10852|app: 0|req: 2/3] 192.168.174.1 () {44 vars in 856 bytes} [Wed Dec 22 08:04:33 2021] GET /users/info/ => generated 10292 bytes in 28 msecs (HTTP/1.1 200) 8 headers in 391 bytes (1 switches on core 1)
[pid: 10852|app: 0|req: 3/4] 192.168.174.1 () {44 vars in 856 bytes} [Wed Dec 22 08:04:33 2021] GET /users/info/ => generated 10292 bytes in 26 msecs (HTTP/1.1 200) 8 headers in 391 bytes (1 switches on core 0)
[pid: 10852|app: 0|req: 4/5] 192.168.174.1 () {44 vars in 856 bytes} [Wed Dec 22 08:04:33 2021] GET /users/info/ => generated 10292 bytes in 27 msecs (HTTP/1.1 200) 8 headers in 391 bytes (1 switches on core 1)
[pid: 10852|app: 0|req: 5/6] 192.168.174.1 () {44 vars in 856 bytes} [Wed Dec 22 08:04:33 2021] GET /users/info/ => generated 10292 bytes in 34 msecs (HTTP/1.1 200) 8 headers in 391 bytes (1 switches on core 0)
[pid: 10854|app: 0|req: 1/7] 192.168.174.1 () {46 vars in 878 bytes} [Wed Dec 22 08:04:37 2021] GET /users/info/ => generated 10292 bytes in 123 msecs (HTTP/1.1 200) 8 headers in 391 bytes (1 switches on core 0)
[pid: 10855|app: 0|req: 2/8] 192.168.174.1 () {46 vars in 876 bytes} [Wed Dec 22 08:04:57 2021] GET /users/info => generated 0 bytes in 0 msecs (HTTP/1.1 301) 5 headers in 180 bytes (1 switches on core 1)
[pid: 10855|app: 0|req: 3/9] 192.168.174.1 () {46 vars in 878 bytes} [Wed Dec 22 08:04:57 2021] GET /users/info/ => generated 10292 bytes in 27 msecs (HTTP/1.1 200) 8 headers in 391 bytes (1 switches on core 0)
invalid request block size: 21573 (max 4096)...skip
invalid request block size: 21573 (max 4096)...skip
invalid request block size: 21573 (max 4096)...skip
invalid request block size: 21573 (max 4096)...skip
invalid request block size: 21573 (max 4096)...skip
invalid request block size: 21573 (max 4096)...skip
invalid request block size: 21573 (max 4096)...skip
invalid request block size: 21573 (max 4096)...skip
invalid request block size: 21573 (max 4096)...skip
invalid request block size: 21573 (max 4096)...skip
invalid request block size: 21573 (max 4096)...skip
invalid request block size: 21573 (max 4096)...skip
invalid request block size: 21573 (max 4096)...skip
invalid request block size: 21573 (max 4096)...skip
invalid request block size: 21573 (max 4096)...skip
invalid request block size: 21573 (max 4096)...skip
invalid request block size: 21573 (max 4096)...skip
invalid request block size: 21573 (max 4096)...skip
invalid request block size: 21573 (max 4096)...skip
invalid request block size: 21573 (max 4096)...skip
invalid request block size: 21573 (max 4096)...skip
invalid request block size: 21573 (max 4096)...skip
invalid request block size: 21573 (max 4096)...skip
invalid request block size: 21573 (max 4096)...skip
invalid request block size: 21573 (max 4096)...skip
invalid request block size: 21573 (max 4096)...skip
invalid request block size: 21573 (max 4096)...skip
invalid request block size: 21573 (max 4096)...skip
invalid request block size: 21573 (max 4096)...skip
invalid request block size: 21573 (max 4096)...skip
invalid request block size: 21573 (max 4096)...skip
invalid request block size: 21573 (max 4096)...skip
invalid request block size: 21573 (max 4096)...skip
invalid request block size: 21573 (max 4096)...skip
invalid request block size: 21573 (max 4096)...skip
invalid request block size: 21573 (max 4096)...skip
invalid request block size: 21573 (max 4096)...skip
invalid request block size: 21573 (max 4096)...skip
invalid request block size: 21573 (max 4096)...skip
invalid request block size: 21573 (max 4096)...skip
invalid request block size: 21573 (max 4096)...skip
invalid request block size: 21573 (max 4096)...skip
invalid request block size: 21573 (max 4096)...skip
invalid request block size: 21573 (max 4096)...skip
invalid request block size: 21573 (max 4096)...skip
invalid request block size: 21573 (max 4096)...skip
invalid request block size: 21573 (max 4096)...skip
invalid request block size: 21573 (max 4096)...skip
invalid request block size: 21573 (max 4096)...skip
invalid request block size: 21573 (max 4096)...skip
invalid request block size: 21573 (max 4096)...skip
invalid request block size: 21573 (max 4096)...skip
invalid request block size: 21573 (max 4096)...skip
invalid request block size: 21573 (max 4096)...skip
invalid request block size: 21573 (max 4096)...skip
invalid request block size: 21573 (max 4096)...skip
invalid request block size: 21573 (max 4096)...skip
invalid request block size: 21573 (max 4096)...skip
invalid request block size: 21573 (max 4096)...skip
invalid request block size: 21573 (max 4096)...skip
invalid request block size: 21573 (max 4096)...skip
invalid request block size: 21573 (max 4096)...skip
invalid request block size: 21573 (max 4096)...skip
invalid request block size: 21573 (max 4096)...skip
invalid request block size: 21573 (max 4096)...skip
/home/wang/anaconda3/envs/exam/lib/python3.8/site-packages/rest_framework/pagination.py:200: UnorderedObjectListWarning: Pagination may yield inconsistent results with an unordered object_list: <class 'users.models.Department'> QuerySet.
  paginator = self.django_paginator_class(queryset, page_size)
[pid: 10855|app: 0|req: 4/10] 192.168.174.22 () {40 vars in 750 bytes} [Wed Dec 22 08:08:03 2021] GET /users/department/ => generated 12212 bytes in 106 msecs (HTTP/1.1 200) 8 headers in 391 bytes (1 switches on core 1)
Not Found: /favicon.ico
[pid: 10855|app: 0|req: 5/11] 192.168.174.22 () {42 vars in 776 bytes} [Wed Dec 22 08:08:04 2021] GET /favicon.ico => generated 2102 bytes in 9 msecs (HTTP/1.1 404) 5 headers in 159 bytes (1 switches on core 0)
SIGINT/SIGTERM received...killing workers...
worker 1 buried after 1 seconds
worker 2 buried after 1 seconds
worker 3 buried after 1 seconds
worker 4 buried after 1 seconds
goodbye to uWSGI.
*** Starting uWSGI 2.0.20 (64bit) on [Wed Dec 22 16:08:52 2021] ***
compiled with version: 9.4.0 on 20 December 2021 19:17:49
os: Linux-5.11.0-42-generic #46~20.04.1-Ubuntu SMP Tue Nov 30 14:20:24 UTC 2021
nodename: Ubuntu
machine: x86_64
clock source: unix
pcre jit disabled
detected number of CPU cores: 2
current working directory: /home/wang/exam/examapi
writing pidfile to uwsgi.pid
detected binary path: /home/wang/anaconda3/envs/exam/bin/uwsgi
chdir() to /home/wang/exam/examapi
your processes number limit is 65535
your memory page size is 4096 bytes
detected max file descriptor number: 1024
building mime-types dictionary from file /etc/mime.types...567 entry found
lock engine: pthread robust mutexes
thunder lock: disabled (you can enable it with --thunder-lock)
uWSGI http bound on 0.0.0.0:8000 fd 4
uwsgi socket 0 bound to TCP address 127.0.0.1:33283 (port auto-assigned) fd 3
Python version: 3.8.12 | packaged by conda-forge | (default, Oct 12 2021, 21:57:06)  [GCC 9.4.0]
Set PythonHome to /home/wang/anaconda3/envs/exam
Python main interpreter initialized at 0x5643b1a1cd20
python threads support enabled
your server socket listen backlog is limited to 100 connections
your mercy for graceful operations on workers is 60 seconds
mapped 416880 bytes (407 KB) for 8 cores
*** Operational MODE: preforking+threaded ***
WSGI app 0 (mountpoint='') ready in 0 seconds on interpreter 0x5643b1a1cd20 pid: 11498 (default app)
*** uWSGI is running in multiple interpreter mode ***
spawned uWSGI master process (pid: 11498)
spawned uWSGI worker 1 (pid: 11500, cores: 2)
spawned uWSGI worker 2 (pid: 11501, cores: 2)
spawned uWSGI worker 3 (pid: 11503, cores: 2)
spawned uWSGI worker 4 (pid: 11504, cores: 2)
spawned uWSGI http 1 (pid: 11506)
/home/wang/anaconda3/envs/exam/lib/python3.8/site-packages/rest_framework/pagination.py:200: UnorderedObjectListWarning: Pagination may yield inconsistent results with an unordered object_list: <class 'users.models.Department'> QuerySet.
  paginator = self.django_paginator_class(queryset, page_size)
[pid: 11503|app: 0|req: 1/1] 192.168.174.22 () {38 vars in 785 bytes} [Wed Dec 22 08:09:28 2021] GET /users/department/ => generated 12237 bytes in 211 msecs (HTTP/1.1 200) 8 headers in 391 bytes (1 switches on core 0)
[pid: 11503|app: -1|req: -1/2] 192.168.174.22 () {38 vars in 745 bytes} [Wed Dec 22 08:09:28 2021] GET /static/rest_framework/css/bootstrap.min.css => generated 121457 bytes in 0 msecs via sendfile() (HTTP/1.1 200) 3 headers in 113 bytes (0 switches on core 1)
[pid: 11500|app: -1|req: -1/3] 192.168.174.22 () {38 vars in 751 bytes} [Wed Dec 22 08:09:28 2021] GET /static/rest_framework/css/bootstrap-tweaks.css => generated 3385 bytes in 0 msecs via sendfile() (HTTP/1.1 200) 3 headers in 111 bytes (0 switches on core 0)
[pid: 11504|app: -1|req: -1/4] 192.168.174.22 () {38 vars in 735 bytes} [Wed Dec 22 08:09:28 2021] GET /static/rest_framework/css/prettify.css => generated 817 bytes in 0 msecs via sendfile() (HTTP/1.1 200) 3 headers in 110 bytes (0 switches on core 0)
[pid: 11504|app: -1|req: -1/5] 192.168.174.22 () {38 vars in 733 bytes} [Wed Dec 22 08:09:28 2021] GET /static/rest_framework/css/default.css => generated 1152 bytes in 0 msecs via sendfile() (HTTP/1.1 200) 3 headers in 111 bytes (0 switches on core 1)
[pid: 11504|app: -1|req: -1/6] 192.168.174.22 () {38 vars in 732 bytes} [Wed Dec 22 08:09:28 2021] GET /static/rest_framework/js/jquery-3.5.1.min.js => generated 89476 bytes in 0 msecs via sendfile() (HTTP/1.1 200) 3 headers in 126 bytes (0 switches on core 1)
[pid: 11504|app: -1|req: -1/7] 192.168.174.22 () {38 vars in 716 bytes} [Wed Dec 22 08:09:28 2021] GET /static/rest_framework/js/ajax-form.js => generated 3597 bytes in 0 msecs via sendfile() (HTTP/1.1 200) 3 headers in 125 bytes (0 switches on core 1)
[pid: 11504|app: -1|req: -1/8] 192.168.174.22 () {38 vars in 707 bytes} [Wed Dec 22 08:09:28 2021] GET /static/rest_framework/js/csrf.js => generated 1719 bytes in 0 msecs via sendfile() (HTTP/1.1 200) 3 headers in 125 bytes (0 switches on core 1)
[pid: 11503|app: -1|req: -1/9] 192.168.174.22 () {38 vars in 725 bytes} [Wed Dec 22 08:09:28 2021] GET /static/rest_framework/js/bootstrap.min.js => generated 39680 bytes in 0 msecs via sendfile() (HTTP/1.1 200) 3 headers in 126 bytes (0 switches on core 1)
[pid: 11504|app: -1|req: -1/10] 192.168.174.22 () {38 vars in 723 bytes} [Wed Dec 22 08:09:28 2021] GET /static/rest_framework/js/prettify-min.js => generated 13632 bytes in 0 msecs via sendfile() (HTTP/1.1 200) 3 headers in 126 bytes (0 switches on core 1)
[pid: 11504|app: -1|req: -1/11] 192.168.174.22 () {38 vars in 713 bytes} [Wed Dec 22 08:09:28 2021] GET /static/rest_framework/js/default.js => generated 1268 bytes in 0 msecs via sendfile() (HTTP/1.1 200) 3 headers in 125 bytes (0 switches on core 1)
[pid: 11503|app: -1|req: -1/12] 192.168.174.22 () {38 vars in 801 bytes} [Wed Dec 22 08:09:28 2021] GET /static/rest_framework/img/grid.png => generated 1458 bytes in 0 msecs via sendfile() (HTTP/1.1 200) 3 headers in 112 bytes (0 switches on core 1)
Not Found: /favicon.ico
[pid: 11504|app: 0|req: 1/13] 192.168.174.22 () {38 vars in 726 bytes} [Wed Dec 22 08:09:28 2021] GET /favicon.ico => generated 2107 bytes in 164 msecs (HTTP/1.1 404) 5 headers in 159 bytes (1 switches on core 1)
[pid: 11504|app: 0|req: 2/14] 192.168.174.1 () {38 vars in 771 bytes} [Wed Dec 22 08:09:46 2021] GET /users/info/ => generated 10292 bytes in 47 msecs (HTTP/1.1 200) 8 headers in 391 bytes (1 switches on core 0)
[pid: 11503|app: -1|req: -1/15] 192.168.174.1 () {38 vars in 737 bytes} [Wed Dec 22 08:09:46 2021] GET /static/rest_framework/css/bootstrap.min.css => generated 121457 bytes in 0 msecs via sendfile() (HTTP/1.1 200) 3 headers in 113 bytes (0 switches on core 1)
[pid: 11503|app: -1|req: -1/16] 192.168.174.1 () {38 vars in 743 bytes} [Wed Dec 22 08:09:46 2021] GET /static/rest_framework/css/bootstrap-tweaks.css => generated 3385 bytes in 0 msecs via sendfile() (HTTP/1.1 200) 3 headers in 111 bytes (0 switches on core 1)
[pid: 11503|app: -1|req: -1/17] 192.168.174.1 () {38 vars in 727 bytes} [Wed Dec 22 08:09:46 2021] GET /static/rest_framework/css/prettify.css => generated 817 bytes in 0 msecs via sendfile() (HTTP/1.1 200) 3 headers in 110 bytes (0 switches on core 1)
[pid: 11503|app: -1|req: -1/18] 192.168.174.1 () {38 vars in 725 bytes} [Wed Dec 22 08:09:46 2021] GET /static/rest_framework/css/default.css => generated 1152 bytes in 0 msecs via sendfile() (HTTP/1.1 200) 3 headers in 111 bytes (0 switches on core 1)
[pid: 11501|app: -1|req: -1/19] 192.168.174.1 () {38 vars in 724 bytes} [Wed Dec 22 08:09:46 2021] GET /static/rest_framework/js/jquery-3.5.1.min.js => generated 89476 bytes in 0 msecs via sendfile() (HTTP/1.1 200) 3 headers in 126 bytes (0 switches on core 0)
[pid: 11504|app: -1|req: -1/20] 192.168.174.1 () {38 vars in 710 bytes} [Wed Dec 22 08:09:46 2021] GET /static/rest_framework/js/ajax-form.js => generated 3597 bytes in 0 msecs via sendfile() (HTTP/1.1 200) 3 headers in 125 bytes (0 switches on core 1)
[pid: 11501|app: -1|req: -1/21] 192.168.174.1 () {38 vars in 700 bytes} [Wed Dec 22 08:09:46 2021] GET /static/rest_framework/js/csrf.js => generated 1719 bytes in 0 msecs via sendfile() (HTTP/1.1 200) 3 headers in 125 bytes (0 switches on core 1)
[pid: 11503|app: -1|req: -1/22] 192.168.174.1 () {38 vars in 718 bytes} [Wed Dec 22 08:09:46 2021] GET /static/rest_framework/js/bootstrap.min.js => generated 39680 bytes in 0 msecs via sendfile() (HTTP/1.1 200) 3 headers in 126 bytes (0 switches on core 1)
[pid: 11500|app: -1|req: -1/23] 192.168.174.1 () {38 vars in 716 bytes} [Wed Dec 22 08:09:46 2021] GET /static/rest_framework/js/prettify-min.js => generated 13632 bytes in 0 msecs via sendfile() (HTTP/1.1 200) 3 headers in 126 bytes (0 switches on core 0)
[pid: 11500|app: -1|req: -1/24] 192.168.174.1 () {38 vars in 706 bytes} [Wed Dec 22 08:09:46 2021] GET /static/rest_framework/js/default.js => generated 1268 bytes in 0 msecs via sendfile() (HTTP/1.1 200) 3 headers in 125 bytes (0 switches on core 0)
[pid: 11501|app: -1|req: -1/25] 192.168.174.1 () {38 vars in 800 bytes} [Wed Dec 22 08:09:46 2021] GET /static/rest_framework/img/grid.png => generated 1458 bytes in 0 msecs via sendfile() (HTTP/1.1 200) 3 headers in 112 bytes (0 switches on core 0)
Not Found: /favicon.ico
[pid: 11501|app: 0|req: 1/26] 192.168.174.1 () {38 vars in 719 bytes} [Wed Dec 22 08:09:46 2021] GET /favicon.ico => generated 2107 bytes in 111 msecs (HTTP/1.1 404) 5 headers in 159 bytes (1 switches on core 1)
[pid: 11503|app: 0|req: 2/27] 192.168.174.22 () {40 vars in 816 bytes} [Wed Dec 22 08:12:01 2021] GET /users/department/ => generated 12237 bytes in 83 msecs (HTTP/1.1 200) 8 headers in 391 bytes (1 switches on core 1)
[pid: 11503|app: 0|req: 3/28] 192.168.174.22 () {40 vars in 816 bytes} [Wed Dec 22 08:12:02 2021] GET /users/department/ => generated 12237 bytes in 84 msecs (HTTP/1.1 200) 8 headers in 391 bytes (1 switches on core 0)
[pid: 11503|app: 0|req: 4/29] 192.168.174.22 () {40 vars in 816 bytes} [Wed Dec 22 08:12:02 2021] GET /users/department/ => generated 12237 bytes in 90 msecs (HTTP/1.1 200) 8 headers in 391 bytes (1 switches on core 1)
[pid: 11503|app: 0|req: 5/30] 192.168.174.22 () {40 vars in 816 bytes} [Wed Dec 22 08:12:02 2021] GET /users/department/ => generated 12237 bytes in 103 msecs (HTTP/1.1 200) 8 headers in 391 bytes (1 switches on core 0)
[pid: 11503|app: 0|req: 6/31] 192.168.174.22 () {40 vars in 816 bytes} [Wed Dec 22 08:12:02 2021] GET /users/department/ => generated 12237 bytes in 123 msecs (HTTP/1.1 200) 8 headers in 391 bytes (1 switches on core 1)
SIGINT/SIGTERM received...killing workers...
gateway "uWSGI http 1" has been buried (pid: 11506)
worker 1 buried after 1 seconds
worker 2 buried after 1 seconds
worker 3 buried after 1 seconds
worker 4 buried after 1 seconds
goodbye to uWSGI.
*** Starting uWSGI 2.0.20 (64bit) on [Wed Dec 22 16:12:38 2021] ***
compiled with version: 9.4.0 on 20 December 2021 19:17:49
os: Linux-5.11.0-42-generic #46~20.04.1-Ubuntu SMP Tue Nov 30 14:20:24 UTC 2021
nodename: Ubuntu
machine: x86_64
clock source: unix
pcre jit disabled
detected number of CPU cores: 2
current working directory: /home/wang/exam/examapi
writing pidfile to uwsgi.pid
detected binary path: /home/wang/anaconda3/envs/exam/bin/uwsgi
chdir() to /home/wang/exam/examapi
your processes number limit is 65535
your memory page size is 4096 bytes
detected max file descriptor number: 1024
building mime-types dictionary from file /etc/mime.types...567 entry found
lock engine: pthread robust mutexes
thunder lock: disabled (you can enable it with --thunder-lock)
uwsgi socket 0 bound to TCP address 0.0.0.0:8000 fd 3
Python version: 3.8.12 | packaged by conda-forge | (default, Oct 12 2021, 21:57:06)  [GCC 9.4.0]
Set PythonHome to /home/wang/anaconda3/envs/exam
Python main interpreter initialized at 0x560015f27c40
python threads support enabled
your server socket listen backlog is limited to 100 connections
your mercy for graceful operations on workers is 60 seconds
mapped 416880 bytes (407 KB) for 8 cores
*** Operational MODE: preforking+threaded ***
WSGI app 0 (mountpoint='') ready in 0 seconds on interpreter 0x560015f27c40 pid: 11652 (default app)
*** uWSGI is running in multiple interpreter mode ***
spawned uWSGI master process (pid: 11652)
spawned uWSGI worker 1 (pid: 11654, cores: 2)
spawned uWSGI worker 2 (pid: 11655, cores: 2)
spawned uWSGI worker 3 (pid: 11657, cores: 2)
spawned uWSGI worker 4 (pid: 11659, cores: 2)
invalid request block size: 21573 (max 4096)...skip
invalid request block size: 21573 (max 4096)...skip
[pid: 11655|app: 0|req: 1/1] 192.168.174.1 () {42 vars in 825 bytes} [Wed Dec 22 08:12:50 2021] GET /users/info/ => generated 10292 bytes in 121 msecs (HTTP/1.1 200) 8 headers in 391 bytes (1 switches on core 0)
[pid: 11655|app: 0|req: 2/2] 192.168.174.1 () {44 vars in 856 bytes} [Wed Dec 22 08:12:53 2021] GET /users/info/ => generated 10292 bytes in 28 msecs (HTTP/1.1 200) 8 headers in 391 bytes (1 switches on core 1)
[pid: 11657|app: 0|req: 1/3] 192.168.174.1 () {44 vars in 856 bytes} [Wed Dec 22 08:12:53 2021] GET /users/info/ => generated 10292 bytes in 115 msecs (HTTP/1.1 200) 8 headers in 391 bytes (1 switches on core 0)
[pid: 11657|app: 0|req: 2/4] 192.168.174.1 () {44 vars in 856 bytes} [Wed Dec 22 08:12:54 2021] GET /users/info/ => generated 10292 bytes in 27 msecs (HTTP/1.1 200) 8 headers in 391 bytes (1 switches on core 1)
[pid: 11657|app: 0|req: 3/5] 192.168.174.1 () {44 vars in 856 bytes} [Wed Dec 22 08:12:54 2021] GET /users/info/ => generated 10292 bytes in 28 msecs (HTTP/1.1 200) 8 headers in 391 bytes (1 switches on core 0)
[pid: 11654|app: 0|req: 1/6] 192.168.174.1 () {44 vars in 856 bytes} [Wed Dec 22 08:12:54 2021] GET /users/info/ => generated 10292 bytes in 109 msecs (HTTP/1.1 200) 8 headers in 391 bytes (1 switches on core 0)
[pid: 11654|app: 0|req: 2/7] 192.168.174.1 () {44 vars in 856 bytes} [Wed Dec 22 08:12:54 2021] GET /users/info/ => generated 10292 bytes in 30 msecs (HTTP/1.1 200) 8 headers in 391 bytes (1 switches on core 1)
[pid: 11659|app: 0|req: 1/8] 192.168.174.1 () {44 vars in 856 bytes} [Wed Dec 22 08:12:54 2021] GET /users/info/ => generated 10292 bytes in 112 msecs (HTTP/1.1 200) 8 headers in 391 bytes (1 switches on core 1)
[pid: 11657|app: 0|req: 4/9] 192.168.174.1 () {42 vars in 813 bytes} [Wed Dec 22 08:14:19 2021] GET /admin => generated 0 bytes in 1 msecs (HTTP/1.1 301) 5 headers in 175 bytes (1 switches on core 1)
[pid: 11655|app: 0|req: 3/10] 192.168.174.1 () {42 vars in 815 bytes} [Wed Dec 22 08:14:19 2021] GET /admin/ => generated 0 bytes in 13 msecs (HTTP/1.1 302) 9 headers in 331 bytes (1 switches on core 0)
[pid: 11657|app: 0|req: 5/11] 192.168.174.1 () {42 vars in 852 bytes} [Wed Dec 22 08:14:19 2021] GET /admin/login/?next=/admin/ => generated 2212 bytes in 22 msecs (HTTP/1.1 200) 9 headers in 461 bytes (1 switches on core 0)
[pid: 11659|app: 0|req: 2/12] 192.168.174.1 () {46 vars in 866 bytes} [Wed Dec 22 08:15:49 2021] GET /admin => generated 0 bytes in 1 msecs (HTTP/1.1 301) 5 headers in 175 bytes (1 switches on core 0)
[pid: 11654|app: 0|req: 3/13] 192.168.174.1 () {46 vars in 868 bytes} [Wed Dec 22 08:15:49 2021] GET /admin/ => generated 0 bytes in 4 msecs (HTTP/1.1 302) 9 headers in 331 bytes (1 switches on core 0)
[pid: 11657|app: 0|req: 6/14] 192.168.174.1 () {46 vars in 905 bytes} [Wed Dec 22 08:15:49 2021] GET /admin/login/?next=/admin/ => generated 2212 bytes in 14 msecs (HTTP/1.1 200) 9 headers in 461 bytes (1 switches on core 1)
[pid: 11659|app: 0|req: 3/15] 192.168.174.1 () {54 vars in 1121 bytes} [Wed Dec 22 08:15:53 2021] POST /admin/login/?next=/admin/ => generated 0 bytes in 119 msecs (HTTP/1.1 302) 11 headers in 625 bytes (1 switches on core 1)
[pid: 11659|app: 0|req: 4/16] 192.168.174.1 () {48 vars in 975 bytes} [Wed Dec 22 08:15:53 2021] GET /admin/ => generated 2873 bytes in 32 msecs (HTTP/1.1 200) 8 headers in 293 bytes (1 switches on core 0)
Not Found: /user/info/
[pid: 11659|app: 0|req: 5/17] 192.168.174.1 () {46 vars in 920 bytes} [Wed Dec 22 08:16:01 2021] GET /user/info/ => generated 2099 bytes in 6 msecs (HTTP/1.1 404) 5 headers in 159 bytes (1 switches on core 1)
[pid: 11659|app: 0|req: 6/18] 192.168.174.1 () {46 vars in 922 bytes} [Wed Dec 22 08:16:04 2021] GET /users/info/ => generated 10325 bytes in 34 msecs (HTTP/1.1 200) 8 headers in 391 bytes (1 switches on core 0)
SIGINT/SIGTERM received...killing workers...
worker 1 buried after 1 seconds
worker 2 buried after 1 seconds
worker 3 buried after 1 seconds
worker 4 buried after 1 seconds
goodbye to uWSGI.
*** Starting uWSGI 2.0.20 (64bit) on [Wed Dec 22 16:20:04 2021] ***
compiled with version: 9.4.0 on 20 December 2021 19:17:49
os: Linux-5.11.0-42-generic #46~20.04.1-Ubuntu SMP Tue Nov 30 14:20:24 UTC 2021
nodename: Ubuntu
machine: x86_64
clock source: unix
pcre jit disabled
detected number of CPU cores: 2
current working directory: /home/wang/exam/examapi
writing pidfile to uwsgi.pid
detected binary path: /home/wang/anaconda3/envs/exam/bin/uwsgi
chdir() to /home/wang/exam/examapi
your processes number limit is 65535
your memory page size is 4096 bytes
detected max file descriptor number: 1024
building mime-types dictionary from file /etc/mime.types...567 entry found
lock engine: pthread robust mutexes
thunder lock: disabled (you can enable it with --thunder-lock)
uwsgi socket 0 bound to TCP address 0.0.0.0:8000 fd 3
Python version: 3.8.12 | packaged by conda-forge | (default, Oct 12 2021, 21:57:06)  [GCC 9.4.0]
Set PythonHome to /home/wang/anaconda3/envs/exam
Python main interpreter initialized at 0x55d9fbdbbc40
python threads support enabled
your server socket listen backlog is limited to 100 connections
your mercy for graceful operations on workers is 60 seconds
mapped 416880 bytes (407 KB) for 8 cores
*** Operational MODE: preforking+threaded ***
WSGI app 0 (mountpoint='') ready in 1 seconds on interpreter 0x55d9fbdbbc40 pid: 12026 (default app)
*** uWSGI is running in multiple interpreter mode ***
spawned uWSGI master process (pid: 12026)
spawned uWSGI worker 1 (pid: 12028, cores: 2)
spawned uWSGI worker 2 (pid: 12029, cores: 2)
spawned uWSGI worker 3 (pid: 12031, cores: 2)
spawned uWSGI worker 4 (pid: 12032, cores: 2)
invalid request block size: 21573 (max 4096)...skip
invalid request block size: 21573 (max 4096)...skip
invalid request block size: 21573 (max 4096)...skip
invalid request block size: 21573 (max 4096)...skip
invalid request block size: 21573 (max 4096)...skip
invalid request block size: 21573 (max 4096)...skip
invalid request block size: 21573 (max 4096)...skip
invalid request block size: 21573 (max 4096)...skip
invalid request block size: 21573 (max 4096)...skip
/home/wang/anaconda3/envs/exam/lib/python3.8/site-packages/rest_framework/pagination.py:200: UnorderedObjectListWarning: Pagination may yield inconsistent results with an unordered object_list: <class 'users.models.Department'> QuerySet.
  paginator = self.django_paginator_class(queryset, page_size)
[pid: 12031|app: 0|req: 1/1] 127.0.0.1 () {56 vars in 1090 bytes} [Wed Dec 22 08:20:27 2021] GET /users/department/ => generated 12187 bytes in 212 msecs (HTTP/1.1 200) 8 headers in 391 bytes (1 switches on core 0)
Not Found: /favicon.ico
[pid: 12029|app: 0|req: 1/2] 127.0.0.1 () {54 vars in 1000 bytes} [Wed Dec 22 08:20:28 2021] GET /favicon.ico => generated 2097 bytes in 234 msecs (HTTP/1.1 404) 5 headers in 159 bytes (1 switches on core 1)
[pid: 12029|app: 0|req: 2/3] 127.0.0.1 () {56 vars in 1078 bytes} [Wed Dec 22 08:20:39 2021] GET /users/info/ => generated 10292 bytes in 93 msecs (HTTP/1.1 200) 8 headers in 391 bytes (1 switches on core 1)
invalid request block size: 21573 (max 4096)...skip
invalid request block size: 21573 (max 4096)...skip
invalid request block size: 21573 (max 4096)...skip
invalid request block size: 21573 (max 4096)...skip
invalid request block size: 21573 (max 4096)...skip
invalid request block size: 21573 (max 4096)...skip
invalid request block size: 21573 (max 4096)...skip
invalid request block size: 21573 (max 4096)...skip
invalid request block size: 21573 (max 4096)...skip
invalid request block size: 21573 (max 4096)...skip
invalid request block size: 21573 (max 4096)...skip
invalid request block size: 21573 (max 4096)...skip
Wed Dec 22 09:09:06 2021 - uWSGI worker 2 screams: UAAAAAAH my master disconnected: i will kill myself !!!
Wed Dec 22 09:09:06 2021 - uWSGI worker 1 screams: UAAAAAAH my master disconnected: i will kill myself !!!
Wed Dec 22 09:09:06 2021 - uWSGI worker 1 screams: UAAAAAAH my master disconnected: i will kill myself !!!
Wed Dec 22 09:09:06 2021 - uWSGI worker 4 screams: UAAAAAAH my master disconnected: i will kill myself !!!
Wed Dec 22 09:09:06 2021 - uWSGI worker 3 screams: UAAAAAAH my master disconnected: i will kill myself !!!
Wed Dec 22 09:09:06 2021 - uWSGI worker 3 screams: UAAAAAAH my master disconnected: i will kill myself !!!
Wed Dec 22 09:09:06 2021 - uWSGI worker 4 screams: UAAAAAAH my master disconnected: i will kill myself !!!
Wed Dec 22 09:09:06 2021 - uWSGI worker 2 screams: UAAAAAAH my master disconnected: i will kill myself !!!
